<?xml version="1.0" encoding="UTF-8"?>
<testsuite xmlns:xsi="http://www.w3.org/2001/XMLSchema-instance" xsi:noNamespaceSchemaLocation="https://maven.apache.org/surefire/maven-surefire-plugin/xsd/surefire-test-report-3.0.xsd" version="3.0" name="gu2024.os.test.spring_boot.ApplicationTests" time="3.188" tests="1" errors="0" skipped="0" failures="0">
  <properties>
[...]
</properties>
  <testcase name="contextLoads" classname="gu2024.os.test.spring_boot.ApplicationTests" time="1.028">
    <system-out><![CDATA[15:24:56.415 [main] INFO org.springframework.test.context.support.AnnotationConfigContextLoaderUtils -- Could not detect default configuration classes for test class [gu2024.os.test.spring_boot.ApplicationTests]: ApplicationTests does not declare any static, non-private, non-final, nested classes annotated with @Configuration.
15:24:56.604 [main] INFO org.springframework.boot.test.context.SpringBootTestContextBootstrapper -- Found @SpringBootConfiguration gu2024.os.test.spring_boot.Application for test class gu2024.os.test.spring_boot.ApplicationTests

  .   ____          _            __ _ _
 /\\ / ___'_ __ _ _(_)_ __  __ _ \ \ \ \
( ( )\___ | '_ | '_| | '_ \/ _` | \ \ \ \
 \\/  ___)| |_)| | | | | || (_| |  ) ) ) )
  '  |____| .__|_| |_|_| |_\__, | / / / /
 =========|_|==============|___/=/_/_/_/

 :: Spring Boot ::                (v3.3.5)

2024-11-04T15:24:57.094+09:00  INFO 42432 --- [spring-boot] [           main] g.os.test.spring_boot.ApplicationTests   : Starting ApplicationTests using Java 17.0.6 with PID 42432 (started by tlsgh in C:\Users\tlsgh\Desktop\J정보시스템과클라우드\spring-boot\spring-boot)
2024-11-04T15:24:57.096+09:00  INFO 42432 --- [spring-boot] [           main] g.os.test.spring_boot.ApplicationTests   : No active profile set, falling back to 1 default profile: "default"
2024-11-04T15:24:58.332+09:00  INFO 42432 --- [spring-boot] [           main] g.os.test.spring_boot.ApplicationTests   : Started ApplicationTests in 1.553 seconds (process running for 3.142)
]]></system-out>
  </testcase>
</testsuite>